<?xml version="1.0" encoding="UTF-8"?>
<!-- Generated by org.testng.reporters.JUnitReportReporter -->
<testsuite hostname="siva" failures="0" tests="1" name="com.swaglabs.testscripts.TC008" time="27.332" errors="0" timestamp="4 May 2025 12:15:06 GMT">
  <testcase classname="com.swaglabs.testscripts.TC008" name="tc008" time="27.332"/>
</testsuite> <!-- com.swaglabs.testscripts.TC008 -->
