<?xml version="1.0" encoding="UTF-8"?>
<!-- Generated by org.testng.reporters.JUnitReportReporter -->
<testsuite hostname="siva" failures="0" tests="1" name="com.swaglabs.testscripts.TC003" time="17.140" errors="0" timestamp="4 May 2025 12:15:06 GMT">
  <testcase classname="com.swaglabs.testscripts.TC003" name="tc003" time="17.140"/>
</testsuite> <!-- com.swaglabs.testscripts.TC003 -->
