<?xml version="1.0" encoding="UTF-8"?>
<!-- Generated by org.testng.reporters.JUnitReportReporter -->
<testsuite hostname="siva" failures="0" tests="1" name="com.swaglabs.testscripts.TC002" time="13.594" errors="0" timestamp="4 May 2025 12:15:06 GMT">
  <testcase classname="com.swaglabs.testscripts.TC002" name="tc002" time="13.594"/>
</testsuite> <!-- com.swaglabs.testscripts.TC002 -->
