<?xml version="1.0" encoding="UTF-8"?>
<!-- Generated by org.testng.reporters.JUnitReportReporter -->
<testsuite hostname="siva" failures="0" tests="1" name="com.swaglabs.testscripts.TC004" time="20.028" errors="0" timestamp="4 May 2025 12:15:06 GMT">
  <testcase classname="com.swaglabs.testscripts.TC004" name="tc004" time="20.028"/>
</testsuite> <!-- com.swaglabs.testscripts.TC004 -->
